app/build/outputs/mapping/release/mapping.txt
# compiler: R8
# compiler_version: 8.5.10
# min_api: 21
# common_typos_disable
# {"id":"com.android.tools.r8.mapping","version":"2.2"}
# pg_map_id: 137850e
# pg_map_hash: SHA-256 137850eed5c857866875e41e014612215a57939008afadb805b361d485258393
fun.mangogames.twa.Application -> fun.mangogames.twa.Application:
# {"id":"sourceFile","fileName":"Application.java"}
fun.mangogames.twa.DelegationService -> fun.mangogames.twa.DelegationService:
# {"id":"sourceFile","fileName":"DelegationService.java"}
fun.mangogames.twa.LauncherActivity -> fun.mangogames.twa.LauncherActivity:
# {"id":"sourceFile","fileName":"LauncherActivity.java"}
    1:1:android.net.Uri getLaunchingUrl():0:0 -> h
...
androidx.collection.ArrayMap$1 -> h.a$a:
# {"id":"sourceFile","fileName":"ArrayMap.java"}
    androidx.collection.ArrayMap this$0 -> d
      # {"id":"com.android.tools.r8.residualsignature","signature":"Lh/a;"}
    1:6:void <init>(androidx.collection.ArrayMap):0:0 -> <init>
      # {"id":"com.android.tools.r8.residualsignature","signature":"(Lh/a;)V"}
    1:6:void colClear():0:0 -> a
    1:10:java.lang.Object colGetEntry(int,int):0:0 -> b
    1:3:java.util.Map colGetMap():0:0 -> c
    1:5:int colGetSize():0:0 -> d
    1:7:int colIndexOfKey(java.lang.Object):0:0 -> e
    1:7:int colIndexOfValue(java.lang.Object):0:0 -> f
    1:6:void colPut(java.lang.Object,java.lang.Object):0:0 -> g
    1:6:void colRemoveAt(int):0:0 -> h
    1:7:java.lang.Object colSetValue(int,java.lang.Object):0:0 -> i
androidx.collection.ContainerHelpers -> h.b:
# {"id":"sourceFile","fileName":"ContainerHelpers.java"}
    int[] EMPTY_INTS -> a
    long[] EMPTY_LONGS -> b
    java.lang.Object[] EMPTY_OBJECTS -> c
    2:14:void <clinit>():0:0 -> <clinit>
    10:26:int binarySearch(int[],int,int):0:0 -> a
    5:15:boolean equal(java.lang.Object,java.lang.Object):0:0 -> b
androidx.collection.MapCollections -> h.c:
# {"id":"sourceFile","fileName":"MapCollections.java"}
    androidx.collection.MapCollections$EntrySet mEntrySet -> a
      # {"id":"com.android.tools.r8.residualsignature","signature":"Lh/c$b;"}
    androidx.collection.MapCollections$KeySet mKeySet -> b
      # {"id":"com.android.tools.r8.residualsignature","signature":"Lh/c$c;"}
    androidx.collection.MapCollections$ValuesCollection mValues -> c
      # {"id":"com.android.tools.r8.residualsignature","signature":"Lh/c$e;"}
    1:4:void <init>():0:0 -> <init>
    void colClear() -> a
    java.lang.Object colGetEntry(int,int) -> b
    java.util.Map colGetMap() -> c
    int colGetSize() -> d
    int colIndexOfKey(java.lang.Object) -> e
    int colIndexOfValue(java.lang.Object) -> f
    void colPut(java.lang.Object,java.lang.Object) -> g
    void colRemoveAt(int) -> h
    java.lang.Object colSetValue(int,java.lang.Object) -> i
    1:24:boolean containsAllHelper(java.util.Map,java.util.Collection):0:0 -> j
    5:31:boolean equalsSetHelper(java.util.Set,java.lang.Object):0:0 -> k
    1:14:java.util.Set getEntrySet():0:0 -> l
    1:14:java.util.Set getKeySet():0:0 -> m
    1:14:java.util.Collection getValues():0:0 -> n
    1:32:boolean removeAllHelper(java.util.Map,java.util.Collection):0:0 -> o
    1:42:boolean retainAllHelper(java.util.Map,java.util.Collection):0:0 -> p
    1:19:java.lang.Object[] toArrayHelper(int):0:0 -> q
androidx.collection.MapCollections$ArrayIterator -> h.c$a:
# {"id":"sourceFile","fileName":"MapCollections.java"}
    int mOffset -> a
    int mSize -> b
    int mIndex -> c
    boolean mCanRemove -> d
    androidx.collection.MapCollections this$0 -> e
      # {"id":"com.android.tools.r8.residualsignature","signature":"Lh/c;"}
    1:17:void <init>(androidx.collection.MapCollections,int):0:0 -> <init>
      # {"id":"com.android.tools.r8.residualsignature","signature":"(Lh/c;I)V"}
    1:10:boolean hasNext():0:0 -> hasNext
    1:31:java.lang.Object next():0:0 -> next
    1:31:void remove():0:0 -> remove