app/build/outputs/mapping/release/usage.txt
fun.mangogames.twa.R$bool
fun.mangogames.twa.R$color
fun.mangogames.twa.R$drawable
fun.mangogames.twa.R$integer
fun.mangogames.twa.R$mipmap
fun.mangogames.twa.R$raw
fun.mangogames.twa.R$string
fun.mangogames.twa.R$xml
fun.mangogames.twa.R
...
androidx.core.view.ViewCompat$ScrollIndicators
androidx.core.view.ViewCompat$UnhandledKeyEventManager
androidx.core.view.ViewCompat
androidx.core.view.ViewConfigurationCompat
androidx.core.view.ViewGroupCompat
androidx.core.view.ViewParentCompat
androidx.core.view.ViewPropertyAnimatorCompat$1
androidx.core.view.ViewPropertyAnimatorCompat$2
androidx.core.view.ViewPropertyAnimatorCompat$ViewPropertyAnimatorListenerApi14
androidx.core.view.ViewPropertyAnimatorCompat
androidx.core.view.ViewPropertyAnimatorListener
androidx.core.view.ViewPropertyAnimatorListenerAdapter
androidx.core.view.ViewPropertyAnimatorUpdateListener
androidx.core.view.WindowCompat
androidx.core.view.WindowInsetsCompat
androidx.core.view.accessibility.AccessibilityClickableSpanCompat
androidx.core.view.accessibility.AccessibilityEventCompat
androidx.core.view.accessibility.AccessibilityManagerCompat$AccessibilityStateChangeListener
androidx.core.view.accessibility.AccessibilityManagerCompat$AccessibilityStateChangeListenerCompat
androidx.core.view.accessibility.AccessibilityManagerCompat$AccessibilityStateChangeListenerWrapper
androidx.core.view.accessibility.AccessibilityManagerCompat$TouchExplorationStateChangeListener
androidx.core.view.accessibility.AccessibilityManagerCompat$TouchExplorationStateChangeListenerWrapper
androidx.core.view.accessibility.AccessibilityManagerCompat
androidx.core.view.accessibility.AccessibilityNodeInfoCompat$AccessibilityActionCompat
androidx.core.view.accessibility.AccessibilityNodeInfoCompat$CollectionInfoCompat
androidx.core.view.accessibility.AccessibilityNodeInfoCompat$CollectionItemInfoCompat
androidx.core.view.accessibility.AccessibilityNodeInfoCompat$RangeInfoCompat
androidx.core.view.accessibility.AccessibilityNodeInfoCompat
androidx.core.view.accessibility.AccessibilityNodeProviderCompat$AccessibilityNodeProviderApi16
androidx.core.view.accessibility.AccessibilityNodeProviderCompat$AccessibilityNodeProviderApi19
androidx.core.view.accessibility.AccessibilityNodeProviderCompat
androidx.core.view.accessibility.AccessibilityRecordCompat
androidx.core.view.accessibility.AccessibilityViewCommand$CommandArguments
androidx.core.view.accessibility.AccessibilityViewCommand$MoveAtGranularityArguments
androidx.core.view.accessibility.AccessibilityViewCommand$MoveHtmlArguments
androidx.core.view.accessibility.AccessibilityViewCommand$MoveWindowArguments
androidx.core.view.accessibility.AccessibilityViewCommand$ScrollToPositionArguments
androidx.core.view.accessibility.AccessibilityViewCommand$SetProgressArguments
androidx.core.view.accessibility.AccessibilityViewCommand$SetSelectionArguments
androidx.core.view.accessibility.AccessibilityViewCommand$SetTextArguments
androidx.core.view.accessibility.AccessibilityViewCommand
androidx.core.view.accessibility.AccessibilityWindowInfoCompat
androidx.core.view.animation.PathInterpolatorApi14
androidx.core.view.animation.PathInterpolatorCompat
androidx.core.view.inputmethod.EditorInfoCompat
androidx.core.view.inputmethod.InputConnectionCompat$1
androidx.core.view.inputmethod.InputConnectionCompat$2
androidx.core.view.inputmethod.InputConnectionCompat$OnCommitContentListener
androidx.core.view.inputmethod.InputConnectionCompat
androidx.core.view.inputmethod.InputContentInfoCompat$InputContentInfoCompatApi25Impl
androidx.core.view.inputmethod.InputContentInfoCompat$InputContentInfoCompatBaseImpl
androidx.core.view.inputmethod.InputContentInfoCompat$InputContentInfoCompatImpl
androidx.core.view.inputmethod.InputContentInfoCompat
androidx.core.widget.AutoScrollHelper$ClampedScroller
androidx.core.widget.AutoScrollHelper$ScrollAnimationRunnable
androidx.core.widget.AutoScrollHelper
androidx.core.widget.AutoSizeableTextView
androidx.core.widget.CompoundButtonCompat
androidx.core.widget.ContentLoadingProgressBar$1
androidx.core.widget.ContentLoadingProgressBar$2
androidx.core.widget.ContentLoadingProgressBar
androidx.core.widget.EdgeEffectCompat
androidx.core.widget.ImageViewCompat